<?xml version="1.0" encoding="UTF-8"?>
<testsuite xmlns:xsi="http://www.w3.org/2001/XMLSchema-instance" xsi:noNamespaceSchemaLocation="https://maven.apache.org/surefire/maven-surefire-plugin/xsd/surefire-test-report.xsd" name="com.farmtec.mcc.service.impl.TimerServiceImplH2Test" time="8.427" tests="5" errors="0" skipped="3" failures="0">
  <properties>
[...]
</properties>
  <testcase name="getInfo" classname="com.farmtec.mcc.service.impl.TimerServiceImplH2Test" time="0">
    <skipped/>
    <system-out><![CDATA[13:18:06.353 [main] DEBUG org.springframework.test.context.junit4.SpringJUnit4ClassRunner - SpringJUnit4ClassRunner constructor called with [class com.farmtec.mcc.service.impl.TimerServiceImplH2Test]
13:18:06.361 [main] DEBUG org.springframework.test.context.BootstrapUtils - Instantiating CacheAwareContextLoaderDelegate from class [org.springframework.test.context.cache.DefaultCacheAwareContextLoaderDelegate]
13:18:06.368 [main] DEBUG org.springframework.test.context.BootstrapUtils - Instantiating BootstrapContext using constructor [public org.springframework.test.context.support.DefaultBootstrapContext(java.lang.Class,org.springframework.test.context.CacheAwareContextLoaderDelegate)]
13:18:06.403 [main] DEBUG org.springframework.test.context.BootstrapUtils - Instantiating TestContextBootstrapper for test class [com.farmtec.mcc.service.impl.TimerServiceImplH2Test] from class [org.springframework.boot.test.context.SpringBootTestContextBootstrapper]
13:18:06.418 [main] INFO org.springframework.boot.test.context.SpringBootTestContextBootstrapper - Neither @ContextConfiguration nor @ContextHierarchy found for test class [com.farmtec.mcc.service.impl.TimerServiceImplH2Test], using SpringBootContextLoader
13:18:06.424 [main] DEBUG org.springframework.test.context.support.AbstractContextLoader - Did not detect default resource location for test class [com.farmtec.mcc.service.impl.TimerServiceImplH2Test]: class path resource [com/farmtec/mcc/service/impl/TimerServiceImplH2Test-context.xml] does not exist
13:18:06.425 [main] DEBUG org.springframework.test.context.support.AbstractContextLoader - Did not detect default resource location for test class [com.farmtec.mcc.service.impl.TimerServiceImplH2Test]: class path resource [com/farmtec/mcc/service/impl/TimerServiceImplH2TestContext.groovy] does not exist
13:18:06.425 [main] INFO org.springframework.test.context.support.AbstractContextLoader - Could not detect default resource locations for test class [com.farmtec.mcc.service.impl.TimerServiceImplH2Test]: no resource found for suffixes {-context.xml, Context.groovy}.
13:18:06.495 [main] DEBUG org.springframework.test.context.support.ActiveProfilesUtils - Could not find an 'annotation declaring class' for annotation type [org.springframework.test.context.ActiveProfiles] and class [com.farmtec.mcc.service.impl.TimerServiceImplH2Test]
13:18:06.641 [main] DEBUG org.springframework.boot.test.context.SpringBootTestContextBootstrapper - @TestExecutionListeners is not present for class [com.farmtec.mcc.service.impl.TimerServiceImplH2Test]: using defaults.
13:18:06.642 [main] INFO org.springframework.boot.test.context.SpringBootTestContextBootstrapper - Loaded default TestExecutionListener class names from location [META-INF/spring.factories]: [org.springframework.boot.test.mock.mockito.MockitoTestExecutionListener, org.springframework.boot.test.mock.mockito.ResetMocksTestExecutionListener, org.springframework.boot.test.autoconfigure.restdocs.RestDocsTestExecutionListener, org.springframework.boot.test.autoconfigure.web.client.MockRestServiceServerResetTestExecutionListener, org.springframework.boot.test.autoconfigure.web.servlet.MockMvcPrintOnlyOnFailureTestExecutionListener, org.springframework.boot.test.autoconfigure.web.servlet.WebDriverTestExecutionListener, org.springframework.test.context.web.ServletTestExecutionListener, org.springframework.test.context.support.DirtiesContextBeforeModesTestExecutionListener, org.springframework.test.context.support.DependencyInjectionTestExecutionListener, org.springframework.test.context.support.DirtiesContextTestExecutionListener, org.springframework.test.context.transaction.TransactionalTestExecutionListener, org.springframework.test.context.jdbc.SqlScriptsTestExecutionListener]
13:18:06.665 [main] INFO org.springframework.boot.test.context.SpringBootTestContextBootstrapper - Using TestExecutionListeners: [org.springframework.test.context.web.ServletTestExecutionListener@5fe94a96, org.springframework.test.context.support.DirtiesContextBeforeModesTestExecutionListener@443118b0, org.springframework.boot.test.mock.mockito.MockitoTestExecutionListener@765d7657, org.springframework.boot.test.autoconfigure.SpringBootDependencyInjectionTestExecutionListener@74235045, org.springframework.test.context.support.DirtiesContextTestExecutionListener@618b19ad, org.springframework.test.context.transaction.TransactionalTestExecutionListener@2d3379b4, org.springframework.test.context.jdbc.SqlScriptsTestExecutionListener@30c15d8b, org.springframework.boot.test.mock.mockito.ResetMocksTestExecutionListener@5e0e82ae, org.springframework.boot.test.autoconfigure.restdocs.RestDocsTestExecutionListener@6771beb3, org.springframework.boot.test.autoconfigure.web.client.MockRestServiceServerResetTestExecutionListener@51399530, org.springframework.boot.test.autoconfigure.web.servlet.MockMvcPrintOnlyOnFailureTestExecutionListener@6b2ea799, org.springframework.boot.test.autoconfigure.web.servlet.WebDriverTestExecutionListener@411f53a0]
13:18:06.669 [main] DEBUG org.springframework.test.annotation.ProfileValueUtils - Retrieved @ProfileValueSourceConfiguration [null] for test class [com.farmtec.mcc.service.impl.TimerServiceImplH2Test]
13:18:06.670 [main] DEBUG org.springframework.test.annotation.ProfileValueUtils - Retrieved ProfileValueSource type [class org.springframework.test.annotation.SystemProfileValueSource] for class [com.farmtec.mcc.service.impl.TimerServiceImplH2Test]
13:18:06.671 [main] DEBUG org.springframework.test.annotation.ProfileValueUtils - Retrieved @ProfileValueSourceConfiguration [null] for test class [com.farmtec.mcc.service.impl.TimerServiceImplH2Test]
13:18:06.671 [main] DEBUG org.springframework.test.annotation.ProfileValueUtils - Retrieved ProfileValueSource type [class org.springframework.test.annotation.SystemProfileValueSource] for class [com.farmtec.mcc.service.impl.TimerServiceImplH2Test]
13:18:06.672 [main] DEBUG org.springframework.test.annotation.ProfileValueUtils - Retrieved @ProfileValueSourceConfiguration [null] for test class [com.farmtec.mcc.service.impl.TimerServiceImplH2Test]
13:18:06.672 [main] DEBUG org.springframework.test.annotation.ProfileValueUtils - Retrieved ProfileValueSource type [class org.springframework.test.annotation.SystemProfileValueSource] for class [com.farmtec.mcc.service.impl.TimerServiceImplH2Test]
13:18:06.693 [main] DEBUG org.springframework.test.context.support.AbstractDirtiesContextTestExecutionListener - Before test class: context [DefaultTestContext@702657cc testClass = TimerServiceImplH2Test, testInstance = [null], testMethod = [null], testException = [null], mergedContextConfiguration = [WebMergedContextConfiguration@6a6cb05c testClass = TimerServiceImplH2Test, locations = '{}', classes = '{class com.farmtec.mcc.service.impl.TimerServiceImpl, class com.farmtec.mcc.service.impl.TimerServiceImpl}', contextInitializerClasses = '[]', activeProfiles = '{}', propertySourceLocations = '{classpath:application.properties}', propertySourceProperties = '{org.springframework.boot.test.context.SpringBootTestContextBootstrapper=true}', contextCustomizers = set[[ImportsContextCustomizer@40a4337a key = [@org.springframework.boot.autoconfigure.AutoConfigurationPackage(), @org.springframework.context.annotation.Import(value=[class org.springframework.transaction.annotation.TransactionManagementConfigurationSelector]), @org.springframework.transaction.annotation.EnableTransactionManagement(mode=PROXY, proxyTargetClass=false, order=2147483647), @org.springframework.boot.autoconfigure.EnableAutoConfiguration(exclude=[], excludeName=[]), @org.springframework.transaction.annotation.Transactional(propagation=REQUIRED, rollbackForClassName=[], readOnly=false, isolation=DEFAULT, transactionManager=, noRollbackFor=[], noRollbackForClassName=[], value=, timeout=-1, rollbackFor=[]), @org.junit.runner.RunWith(value=class org.springframework.test.context.junit4.SpringRunner), @org.springframework.test.context.BootstrapWith(value=class org.springframework.boot.test.context.SpringBootTestContextBootstrapper), @org.springframework.test.context.jdbc.Sql(executionPhase=BEFORE_TEST_METHOD, statements=[], scripts=[classpath:data-h2.sql], config=@org.springframework.test.context.jdbc.SqlConfig(blockCommentStartDelimiter=, commentPrefix=, transactionMode=DEFAULT, blockCommentEndDelimiter=, transactionManager=, errorMode=DEFAULT, encoding=, dataSource=, separator=), value=[]), @org.springframework.context.annotation.Import(value=[class org.springframework.boot.autoconfigure.AutoConfigurationPackages$Registrar]), @org.springframework.context.annotation.Import(value=[class com.farmtec.mcc.repositories.config.RepoConfig]), @org.springframework.context.annotation.Import(value=[class org.springframework.boot.autoconfigure.AutoConfigurationImportSelector]), @org.springframework.test.annotation.Rollback(value=true), @org.springframework.boot.test.context.SpringBootTest(webEnvironment=MOCK, value=[], properties=[], classes=[class com.farmtec.mcc.service.impl.TimerServiceImpl]), @org.springframework.test.context.TestPropertySource(locations=[], inheritProperties=true, value=[classpath:application.properties], properties=[], inheritLocations=true)]], org.springframework.boot.test.context.filter.ExcludeFilterContextCustomizer@4148db48, org.springframework.boot.test.json.DuplicateJsonObjectContextCustomizerFactory$DuplicateJsonObjectContextCustomizer@71a794e5, org.springframework.boot.test.mock.mockito.MockitoContextCustomizer@0, org.springframework.boot.test.web.client.TestRestTemplateContextCustomizer@442675e1, org.springframework.boot.test.autoconfigure.properties.PropertyMappingContextCustomizer@0, org.springframework.boot.test.autoconfigure.web.servlet.WebDriverContextCustomizerFactory$Customizer@78a2da20], resourceBasePath = 'src/main/webapp', contextLoader = 'org.springframework.boot.test.context.SpringBootContextLoader', parent = [null]], attributes = map['org.springframework.test.context.web.ServletTestExecutionListener.activateListener' -> true]], class annotated with @DirtiesContext [false] with mode [null].
]]></system-out>
  </testcase>
  <testcase name="setInUseFlag" classname="com.farmtec.mcc.service.impl.TimerServiceImplH2Test" time="0">
    <skipped/>
  </testcase>
  <testcase name="updateTimerById" classname="com.farmtec.mcc.service.impl.TimerServiceImplH2Test" time="0.322"/>
  <testcase name="setModeById" classname="com.farmtec.mcc.service.impl.TimerServiceImplH2Test" time="0">
    <skipped/>
  </testcase>
  <testcase name="updateTimerByIdWithMode" classname="com.farmtec.mcc.service.impl.TimerServiceImplH2Test" time="0.144"/>
</testsuite>